app/build/outputs/logs/manifest-merger-debug-report.txt
-- Merging decision tree log ---
manifest
ADDED from src\main\AndroidManifest.xml:22:1-118:12
	package
		ADDED from src\main\AndroidManifest.xml:23:5-42
		INJECTED from src\main\AndroidManifest.xml
		INJECTED from src\main\AndroidManifest.xml
	android:versionName
		INJECTED from src\main\AndroidManifest.xml
		INJECTED from src\main\AndroidManifest.xml
	xmlns:android
		ADDED from src\main\AndroidManifest.xml:22:11-69
	android:versionCode
		INJECTED from src\main\AndroidManifest.xml
		INJECTED from src\main\AndroidManifest.xml
application
ADDED from src\main\AndroidManifest.xml:25:5-116:19
	android:label
		ADDED from src\main\AndroidManifest.xml:26:9-41
	android:icon
		ADDED from src\main\AndroidManifest.xml:25:18-52
provider#com.example.android.notepad.NotePadProvider
ADDED from src\main\AndroidManifest.xml:28:9-32:20
	android:authorities
		ADDED from src\main\AndroidManifest.xml:29:13-62
	android:exported
		ADDED from src\main\AndroidManifest.xml:30:13-37
	android:name
		ADDED from src\main\AndroidManifest.xml:28:19-49
grant-uri-permission
ADDED from src\main\AndroidManifest.xml:31:13-62
	android:pathPattern
		ADDED from src\main\AndroidManifest.xml:31:35-59
activity#com.example.android.notepad.NotesList
ADDED from src\main\AndroidManifest.xml:34:9-51:20
	android:label
		ADDED from src\main\AndroidManifest.xml:34:44-84
	android:name
		ADDED from src\main\AndroidManifest.xml:34:19-43
intent-filter#android.intent.action.MAIN+android.intent.category.LAUNCHER
ADDED from src\main\AndroidManifest.xml:35:13-38:29
action#android.intent.action.MAIN
ADDED from src\main\AndroidManifest.xml:36:17-69
	android:name
		ADDED from src\main\AndroidManifest.xml:36:25-66
category#android.intent.category.LAUNCHER
ADDED from src\main\AndroidManifest.xml:37:17-77
	android:name
		ADDED from src\main\AndroidManifest.xml:37:27-74
intent-filter#android.intent.action.EDIT+android.intent.action.PICK+android.intent.action.VIEW+android.intent.category.DEFAULT
ADDED from src\main\AndroidManifest.xml:39:13-45:29
action#android.intent.action.VIEW
ADDED from src\main\AndroidManifest.xml:40:17-69
	android:name
		ADDED from src\main\AndroidManifest.xml:40:25-66
action#android.intent.action.EDIT
ADDED from src\main\AndroidManifest.xml:41:17-69
	android:name
		ADDED from src\main\AndroidManifest.xml:41:25-66
action#android.intent.action.PICK
ADDED from src\main\AndroidManifest.xml:42:17-69
	android:name
		ADDED from src\main\AndroidManifest.xml:42:25-66
category#android.intent.category.DEFAULT
ADDED from src\main\AndroidManifest.xml:43:17-76
	android:name
		ADDED from src\main\AndroidManifest.xml:43:27-73
data
ADDED from src\main\AndroidManifest.xml:44:17-83
	android:mimeType
		ADDED from src\main\AndroidManifest.xml:44:23-80
intent-filter#android.intent.action.GET_CONTENT+android.intent.category.DEFAULT
ADDED from src\main\AndroidManifest.xml:46:13-50:29
action#android.intent.action.GET_CONTENT
ADDED from src\main\AndroidManifest.xml:47:17-76
	android:name
		ADDED from src\main\AndroidManifest.xml:47:25-73
activity#com.example.android.notepad.NoteEditor
ADDED from src\main\AndroidManifest.xml:53:9-79:20
	android:screenOrientation
		ADDED from src\main\AndroidManifest.xml:55:13-47
	android:configChanges
		ADDED from src\main\AndroidManifest.xml:56:13-63
	android:theme
		ADDED from src\main\AndroidManifest.xml:54:13-60
	android:name
		ADDED from src\main\AndroidManifest.xml:53:19-44
intent-filter#android.intent.action.EDIT+android.intent.action.VIEW+android.intent.category.DEFAULT+com.android.notepad.action.EDIT_NOTE
ADDED from src\main\AndroidManifest.xml:60:13-66:29
	android:label
		ADDED from src\main\AndroidManifest.xml:60:28-64
action#com.android.notepad.action.EDIT_NOTE
ADDED from src\main\AndroidManifest.xml:63:17-79
	android:name
		ADDED from src\main\AndroidManifest.xml:63:25-76
intent-filter#android.intent.action.INSERT+android.intent.action.PASTE+android.intent.category.DEFAULT
ADDED from src\main\AndroidManifest.xml:72:13-77:29
action#android.intent.action.INSERT
ADDED from src\main\AndroidManifest.xml:73:17-71
	android:name
		ADDED from src\main\AndroidManifest.xml:73:25-68
action#android.intent.action.PASTE
ADDED from src\main\AndroidManifest.xml:74:17-70
	android:name
		ADDED from src\main\AndroidManifest.xml:74:25-67
activity#com.example.android.notepad.TitleEditor
ADDED from src\main\AndroidManifest.xml:81:9-106:20
	android:label
		ADDED from src\main\AndroidManifest.xml:82:13-53
	android:windowSoftInputMode
		ADDED from src\main\AndroidManifest.xml:85:13-55
	android:icon
		ADDED from src\main\AndroidManifest.xml:83:13-50
	android:theme
		ADDED from src\main\AndroidManifest.xml:84:13-61
	android:name
		ADDED from src\main\AndroidManifest.xml:81:19-45
intent-filter#android.intent.category.ALTERNATIVE+android.intent.category.DEFAULT+android.intent.category.SELECTED_ALTERNATIVE+com.android.notepad.action.EDIT_TITLE
ADDED from src\main\AndroidManifest.xml:90:13-105:29
	android:label
		ADDED from src\main\AndroidManifest.xml:90:28-65
action#com.android.notepad.action.EDIT_TITLE
ADDED from src\main\AndroidManifest.xml:94:17-80
	android:name
		ADDED from src\main\AndroidManifest.xml:94:25-77
category#android.intent.category.ALTERNATIVE
ADDED from src\main\AndroidManifest.xml:99:17-80
	android:name
		ADDED from src\main\AndroidManifest.xml:99:27-77
category#android.intent.category.SELECTED_ALTERNATIVE
ADDED from src\main\AndroidManifest.xml:102:17-89
	android:name
		ADDED from src\main\AndroidManifest.xml:102:27-86
activity#com.example.android.notepad.NotesLiveFolder
ADDED from src\main\AndroidManifest.xml:108:9-114:20
	android:label
		ADDED from src\main\AndroidManifest.xml:108:50-90
	android:icon
		ADDED from src\main\AndroidManifest.xml:109:13-55
	android:name
		ADDED from src\main\AndroidManifest.xml:108:19-49
intent-filter#android.intent.action.CREATE_LIVE_FOLDER+android.intent.category.DEFAULT
ADDED from src\main\AndroidManifest.xml:110:13-113:29
action#android.intent.action.CREATE_LIVE_FOLDER
ADDED from src\main\AndroidManifest.xml:111:17-83
	android:name
		ADDED from src\main\AndroidManifest.xml:111:25-80
uses-sdk
INJECTED from src\main\AndroidManifest.xml reason: use-sdk injection requested
	android:targetSdkVersion
		INJECTED from src\main\AndroidManifest.xml
		INJECTED from src\main\AndroidManifest.xml
	android:minSdkVersion
		INJECTED from src\main\AndroidManifest.xml
		INJECTED from src\main\AndroidManifest.xml